<?xml version="1.0" encoding="UTF-8"?>
<!-- Generated by org.testng.reporters.JUnitReportReporter -->
<testsuite skipped="0" hostname="ITEM-S24723" name="testExecutor.testOne" tests="2" failures="0" timestamp="2021-01-07T13:35:46 IST" time="3.267" errors="0">
  <testcase name="creatTweet" time="2.457" classname="testExecutor.testOne"/>
  <system-out/>
  <testcase name="deleteTweet" time="0.810" classname="testExecutor.testOne"/>
  <system-out/>
</testsuite> <!-- testExecutor.testOne -->
